<?xml version="1.0" encoding="UTF-8"?>
<testsuite name="netware.client.handlers.RequestResponseTest" tests="2" skipped="0" failures="0" errors="0" timestamp="2024-10-13T10:26:15" hostname="TUF-A17" time="0.105">
  <properties/>
  <testcase name="testFormattedLog()" classname="netware.client.handlers.RequestResponseTest" time="0.097"/>
  <testcase name="testUnformattedLog()" classname="netware.client.handlers.RequestResponseTest" time="0.007"/>
  <system-out><![CDATA[]]></system-out>
  <system-err><![CDATA[]]></system-err>
</testsuite>
