<?xml version="1.0" encoding="UTF-8"?>
<testsuite name="netware.client.RequestClientTest" tests="6" skipped="0" failures="0" errors="0" timestamp="2024-10-14T08:24:36" hostname="TUF-A17" time="0.073">
  <properties/>
  <testcase name="testInvalidNetworkRequestErrorLog()" classname="netware.client.RequestClientTest" time="0.064"/>
  <testcase name="testBodyInitialization()" classname="netware.client.RequestClientTest" time="0.001"/>
  <testcase name="testUrlInitialization()" classname="netware.client.RequestClientTest" time="0.0"/>
  <testcase name="testHeadersInitialization()" classname="netware.client.RequestClientTest" time="0.001"/>
  <testcase name="testNetworkRequestBodyValidation()" classname="netware.client.RequestClientTest" time="0.001"/>
  <testcase name="testMethodInitialization()" classname="netware.client.RequestClientTest" time="0.001"/>
  <system-out><![CDATA[]]></system-out>
  <system-err><![CDATA[]]></system-err>
</testsuite>
